2015-05-12 09:23:21,598 INFO  io.prediction.tools.console.Console$ [main] - Creating Event Server at 0.0.0.0:7070
2015-05-12 09:23:23,913 INFO  spray.can.server.HttpListener [EventServerSystem-akka.actor.default-dispatcher-4] - Bound to /0.0.0.0:7070
2015-05-12 09:23:23,913 INFO  io.prediction.data.api.EventServerActor [EventServerSystem-akka.actor.default-dispatcher-4] - Bound received. EventServer is ready.
2015-05-12 09:23:36,321 INFO  io.prediction.data.storage.hbase.HBLEvents [main] - The table predictionio_eventdata:events_0 doesn't exist yet. Creating now...
2015-05-12 09:23:36,802 INFO  io.prediction.data.storage.hbase.HBLEvents [main] - Removing table predictionio_eventdata:events_0...
2015-05-12 13:32:39,804 WARN  org.apache.hadoop.hbase.client.HConnectionManager$HConnectionImplementation [hconnection-0x2532718a-shared--pool1-t66] - Encountered problems when prefetch hbase:meta table: 
org.apache.hadoop.hbase.TableNotFoundException: Cannot find row in hbase:meta for table: predictionio_eventdata:events_31, row=predictionio_eventdata:events_31,\xB0\x1A\x0E#\xDAq\x8A\x08\x98\x93\x11\xB8\xB2\xDF\xB0i\x00\x00\x01MH\xF8\x93\x0E\xAA\xCC\xC9\xBE\xC8c\x0Bh,99999999999999
	at org.apache.hadoop.hbase.client.MetaScanner.metaScan(MetaScanner.java:146)
	at org.apache.hadoop.hbase.client.HConnectionManager$HConnectionImplementation.prefetchRegionCache(HConnectionManager.java:1153)
	at org.apache.hadoop.hbase.client.HConnectionManager$HConnectionImplementation.locateRegionInMeta(HConnectionManager.java:1217)
	at org.apache.hadoop.hbase.client.HConnectionManager$HConnectionImplementation.locateRegion(HConnectionManager.java:1105)
	at org.apache.hadoop.hbase.client.HConnectionManager$HConnectionImplementation.locateRegion(HConnectionManager.java:1062)
	at org.apache.hadoop.hbase.client.AsyncProcess.findDestLocation(AsyncProcess.java:365)
	at org.apache.hadoop.hbase.client.AsyncProcess.submit(AsyncProcess.java:507)
	at org.apache.hadoop.hbase.client.AsyncProcess.logAndResubmit(AsyncProcess.java:717)
	at org.apache.hadoop.hbase.client.AsyncProcess.receiveMultiAction(AsyncProcess.java:813)
	at org.apache.hadoop.hbase.client.AsyncProcess.access$300(AsyncProcess.java:93)
	at org.apache.hadoop.hbase.client.AsyncProcess$1.run(AsyncProcess.java:560)
	at java.util.concurrent.Executors$RunnableAdapter.call(Executors.java:471)
	at java.util.concurrent.FutureTask.run(FutureTask.java:262)
	at java.util.concurrent.ThreadPoolExecutor.runWorker(ThreadPoolExecutor.java:1145)
	at java.util.concurrent.ThreadPoolExecutor$Worker.run(ThreadPoolExecutor.java:615)
	at java.lang.Thread.run(Thread.java:745)
2015-05-12 13:34:33,341 WARN  org.apache.hadoop.hbase.client.HConnectionManager$HConnectionImplementation [EventServerSystem-akka.actor.default-dispatcher-25] - Encountered problems when prefetch hbase:meta table: 
org.apache.hadoop.hbase.TableNotFoundException: Cannot find row in hbase:meta for table: predictionio_eventdata:events_31, row=predictionio_eventdata:events_31,\xD6\xD7pS\x92\xBCz\xF632\x8B\xEA\x8CLi\x04\x00\x00\x01MH\xFAN\xF9\xA6\x16\x07\x1C\x0A\xCB\xD4m,99999999999999
	at org.apache.hadoop.hbase.client.MetaScanner.metaScan(MetaScanner.java:146)
	at org.apache.hadoop.hbase.client.HConnectionManager$HConnectionImplementation.prefetchRegionCache(HConnectionManager.java:1153)
	at org.apache.hadoop.hbase.client.HConnectionManager$HConnectionImplementation.locateRegionInMeta(HConnectionManager.java:1217)
	at org.apache.hadoop.hbase.client.HConnectionManager$HConnectionImplementation.locateRegion(HConnectionManager.java:1105)
	at org.apache.hadoop.hbase.client.HConnectionManager$HConnectionImplementation.locateRegion(HConnectionManager.java:1062)
	at org.apache.hadoop.hbase.client.AsyncProcess.findDestLocation(AsyncProcess.java:365)
	at org.apache.hadoop.hbase.client.AsyncProcess.submit(AsyncProcess.java:310)
	at org.apache.hadoop.hbase.client.HTable.backgroundFlushCommits(HTable.java:964)
	at org.apache.hadoop.hbase.client.HTable.flushCommits(HTable.java:1252)
	at org.apache.hadoop.hbase.client.HTable.put(HTable.java:910)
	at io.prediction.data.storage.hbase.HBLEvents$$anonfun$futureInsert$1.apply(HBLEvents.scala:107)
	at io.prediction.data.storage.hbase.HBLEvents$$anonfun$futureInsert$1.apply(HBLEvents.scala:104)
	at scala.concurrent.impl.Future$PromiseCompletingRunnable.liftedTree1$1(Future.scala:24)
	at scala.concurrent.impl.Future$PromiseCompletingRunnable.run(Future.scala:24)
	at akka.dispatch.TaskInvocation.run(AbstractDispatcher.scala:41)
	at akka.dispatch.ForkJoinExecutorConfigurator$AkkaForkJoinTask.exec(AbstractDispatcher.scala:393)
	at scala.concurrent.forkjoin.ForkJoinTask.doExec(ForkJoinTask.java:260)
	at scala.concurrent.forkjoin.ForkJoinPool$WorkQueue.runTask(ForkJoinPool.java:1339)
	at scala.concurrent.forkjoin.ForkJoinPool.runWorker(ForkJoinPool.java:1979)
	at scala.concurrent.forkjoin.ForkJoinWorkerThread.run(ForkJoinWorkerThread.java:107)
2015-05-12 13:35:03,190 WARN  org.apache.hadoop.hbase.client.HConnectionManager$HConnectionImplementation [EventServerSystem-akka.actor.default-dispatcher-25] - Encountered problems when prefetch hbase:meta table: 
org.apache.hadoop.hbase.TableNotFoundException: Cannot find row in hbase:meta for table: predictionio_eventdata:events_31, row=predictionio_eventdata:events_31,\xD6\xD7pS\x92\xBCz\xF632\x8B\xEA\x8CLi\x04\x00\x00\x01MH\xFA\xC3\x93\x87w`3\xE7*\x82\xE4,99999999999999
	at org.apache.hadoop.hbase.client.MetaScanner.metaScan(MetaScanner.java:146)
	at org.apache.hadoop.hbase.client.HConnectionManager$HConnectionImplementation.prefetchRegionCache(HConnectionManager.java:1153)
	at org.apache.hadoop.hbase.client.HConnectionManager$HConnectionImplementation.locateRegionInMeta(HConnectionManager.java:1217)
	at org.apache.hadoop.hbase.client.HConnectionManager$HConnectionImplementation.locateRegion(HConnectionManager.java:1105)
	at org.apache.hadoop.hbase.client.HConnectionManager$HConnectionImplementation.locateRegion(HConnectionManager.java:1062)
	at org.apache.hadoop.hbase.client.AsyncProcess.findDestLocation(AsyncProcess.java:365)
	at org.apache.hadoop.hbase.client.AsyncProcess.submit(AsyncProcess.java:310)
	at org.apache.hadoop.hbase.client.HTable.backgroundFlushCommits(HTable.java:964)
	at org.apache.hadoop.hbase.client.HTable.flushCommits(HTable.java:1252)
	at org.apache.hadoop.hbase.client.HTable.put(HTable.java:910)
	at io.prediction.data.storage.hbase.HBLEvents$$anonfun$futureInsert$1.apply(HBLEvents.scala:107)
	at io.prediction.data.storage.hbase.HBLEvents$$anonfun$futureInsert$1.apply(HBLEvents.scala:104)
	at scala.concurrent.impl.Future$PromiseCompletingRunnable.liftedTree1$1(Future.scala:24)
	at scala.concurrent.impl.Future$PromiseCompletingRunnable.run(Future.scala:24)
	at akka.dispatch.TaskInvocation.run(AbstractDispatcher.scala:41)
	at akka.dispatch.ForkJoinExecutorConfigurator$AkkaForkJoinTask.exec(AbstractDispatcher.scala:393)
	at scala.concurrent.forkjoin.ForkJoinTask.doExec(ForkJoinTask.java:260)
	at scala.concurrent.forkjoin.ForkJoinPool$WorkQueue.runTask(ForkJoinPool.java:1339)
	at scala.concurrent.forkjoin.ForkJoinPool.runWorker(ForkJoinPool.java:1979)
	at scala.concurrent.forkjoin.ForkJoinWorkerThread.run(ForkJoinWorkerThread.java:107)
